2020-10-06 18:05:01,117 [batch-1-thread-1] INFO  org.vividus.ui.web.action.search.AbstractElementSearchAction - Total number of elements found By.xpath: //a[normalize-space(@href)='/login'] is equal to 1
2020-10-06 18:05:01,154 [batch-1-thread-1] INFO  org.vividus.softassert.SoftAssert - Pass: An element with attributes XPath: '//a[normalize-space(@href)='/login']'; Visibility: VISIBLE; exists
2020-10-06 18:05:01,155 [batch-1-thread-1] DEBUG org.vividus.softassert.SoftAssert - Pass: An element with attributes: ' XPath: '//a[normalize-space(@href)='/login']'; Visibility: VISIBLE;' exists
2020-10-06 18:05:03,253 [batch-1-thread-1] INFO  org.vividus.bdd.log.LoggingStepMonitor - Performing step 'When I enter `${Email}` in field located `By.xpath(//input[@id='user'])`'
2020-10-06 18:05:03,265 [batch-1-thread-1] INFO  org.vividus.ui.web.action.search.AbstractElementSearchAction - Total number of elements found By.xpath: //input[normalize-space(@id)='user'] is equal to 1
2020-10-06 18:05:03,279 [batch-1-thread-1] INFO  org.vividus.softassert.SoftAssert - Pass: An element with attributes XPath: '//input[normalize-space(@id)='user']'; Visibility: VISIBLE; exists
2020-10-06 18:05:03,279 [batch-1-thread-1] DEBUG org.vividus.softassert.SoftAssert - Pass: An element with attributes: ' XPath: '//input[normalize-space(@id)='user']'; Visibility: VISIBLE;' exists
2020-10-06 18:05:03,303 [batch-1-thread-1] INFO  org.vividus.ui.web.action.WebElementActions - Entering text "senchihinilua@mail.ru" in element
2020-10-06 18:05:03,337 [batch-1-thread-1] INFO  org.vividus.bdd.log.LoggingStepMonitor - Performing step 'When I click on element located `By.xpath(//input[@id='login'])`'
2020-10-06 18:05:03,348 [batch-1-thread-1] INFO  org.vividus.ui.web.action.search.AbstractElementSearchAction - Total number of elements found By.xpath: //input[normalize-space(@id)='login'] is equal to 1
2020-10-06 18:05:03,359 [batch-1-thread-1] INFO  org.vividus.softassert.SoftAssert - Pass: An element with attributes XPath: '//input[normalize-space(@id)='login']'; Visibility: VISIBLE; exists
2020-10-06 18:05:03,360 [batch-1-thread-1] DEBUG org.vividus.softassert.SoftAssert - Pass: An element with attributes: ' XPath: '//input[normalize-space(@id)='login']'; Visibility: VISIBLE;' exists
2020-10-06 18:05:04,046 [batch-1-thread-1] INFO  org.vividus.bdd.log.LoggingStoryReporter - Given I am on the main application page (FAILED)
(org.openqa.selenium.WebDriverException: chrome not reachable
  (Session info: chrome=85.0.4183.121)
Build info: version: '4.0.0-alpha-1', revision: 'd1d3728cae', time: '2019-04-24T13:42:21'
System info: host: 'EPBYMINW0BD2', ip: '100.64.100.213', os.name: 'Windows 10', os.arch: 'amd64', os.version: '10.0', java.version: '14.0.2'
Driver info: org.openqa.selenium.chrome.ChromeDriver
Capabilities {acceptInsecureCerts: false, browserName: chrome, browserVersion: 85.0.4183.121, chrome: {chromedriverVersion: 85.0.4183.87 (cd6713ebf92fa..., userDataDir: C:\Users\ILYA_S~1\AppData\L...}, goog:chromeOptions: {debuggerAddress: localhost:64698}, javascriptEnabled: true, networkConnectionEnabled: false, pageLoadStrategy: normal, platform: WINDOWS, platformName: WINDOWS, proxy: Proxy(), setWindowRect: true, strictFileInteractability: false, timeouts: {implicit: 0, pageLoad: 300000, script: 30000}, unhandledPromptBehavior: dismiss and notify, webauthn:virtualAuthenticators: true}
Session ID: f395837f5caa45349e612d5c7bb9c1f9)
2020-10-06 18:05:04,046 [batch-1-thread-1] ERROR org.vividus.bdd.log.LoggingStoryReporter - Step is failed with exception
org.jbehave.core.failures.UUIDExceptionWrapper: Given I am on the main application page
	at org.jbehave.core.steps.StepCreator$ParametrisedStep.perform(StepCreator.java:853) ~[jbehave-core-4.6.4-alpha.11.jar:?]
	at org.jbehave.core.embedder.PerformableTree$FineSoFar.run(PerformableTree.java:392) [jbehave-core-4.6.4-alpha.11.jar:?]
	at org.jbehave.core.embedder.PerformableTree$PerformableSteps.perform(PerformableTree.java:1309) [jbehave-core-4.6.4-alpha.11.jar:?]
	at org.jbehave.core.embedder.PerformableTree$AbstractPerformableScenario.perform(PerformableTree.java:1192) [jbehave-core-4.6.4-alpha.11.jar:?]
	at org.jbehave.core.embedder.PerformableTree$AbstractPerformableScenario.performRestartableSteps(PerformableTree.java:1171) [jbehave-core-4.6.4-alpha.11.jar:?]
	at org.jbehave.core.embedder.PerformableTree$AbstractPerformableScenario.performScenario(PerformableTree.java:1183) [jbehave-core-4.6.4-alpha.11.jar:?]
	at org.jbehave.core.embedder.PerformableTree$NormalPerformableScenario.perform(PerformableTree.java:1223) [jbehave-core-4.6.4-alpha.11.jar:?]
	at org.jbehave.core.embedder.PerformableTree$PerformableScenario.perform(PerformableTree.java:1088) [jbehave-core-4.6.4-alpha.11.jar:?]
	at org.jbehave.core.embedder.PerformableTree$PerformableStory.performScenarios(PerformableTree.java:975) [jbehave-core-4.6.4-alpha.11.jar:?]
	at org.jbehave.core.embedder.PerformableTree$PerformableStory.perform(PerformableTree.java:943) [jbehave-core-4.6.4-alpha.11.jar:?]
	at org.jbehave.core.embedder.PerformableTree.performCancellable(PerformableTree.java:471) [jbehave-core-4.6.4-alpha.11.jar:?]
	at org.jbehave.core.embedder.PerformableTree.perform(PerformableTree.java:438) [jbehave-core-4.6.4-alpha.11.jar:?]
	at org.jbehave.core.embedder.StoryManager$EnqueuedStory.call(StoryManager.java:293) [jbehave-core-4.6.4-alpha.11.jar:?]
	at org.jbehave.core.embedder.StoryManager$EnqueuedStory.call(StoryManager.java:266) [jbehave-core-4.6.4-alpha.11.jar:?]
	at java.util.concurrent.FutureTask.run(FutureTask.java:264) [?:?]
	at java.util.concurrent.ThreadPoolExecutor.runWorker(ThreadPoolExecutor.java:1130) [?:?]
	at java.util.concurrent.ThreadPoolExecutor$Worker.run(ThreadPoolExecutor.java:630) [?:?]
	at java.lang.Thread.run(Thread.java:832) [?:?]
Caused by: org.openqa.selenium.WebDriverException: chrome not reachable
  (Session info: chrome=85.0.4183.121)
Build info: version: '4.0.0-alpha-1', revision: 'd1d3728cae', time: '2019-04-24T13:42:21'
System info: host: 'EPBYMINW0BD2', ip: '100.64.100.213', os.name: 'Windows 10', os.arch: 'amd64', os.version: '10.0', java.version: '14.0.2'
Driver info: org.openqa.selenium.chrome.ChromeDriver
Capabilities {acceptInsecureCerts: false, browserName: chrome, browserVersion: 85.0.4183.121, chrome: {chromedriverVersion: 85.0.4183.87 (cd6713ebf92fa..., userDataDir: C:\Users\ILYA_S~1\AppData\L...}, goog:chromeOptions: {debuggerAddress: localhost:64698}, javascriptEnabled: true, networkConnectionEnabled: false, pageLoadStrategy: normal, platform: WINDOWS, platformName: WINDOWS, proxy: Proxy(), setWindowRect: true, strictFileInteractability: false, timeouts: {implicit: 0, pageLoad: 300000, script: 30000}, unhandledPromptBehavior: dismiss and notify, webauthn:virtualAuthenticators: true}
Session ID: f395837f5caa45349e612d5c7bb9c1f9
	at jdk.internal.reflect.NativeConstructorAccessorImpl.newInstance0(Native Method) ~[?:?]
	at jdk.internal.reflect.NativeConstructorAccessorImpl.newInstance(NativeConstructorAccessorImpl.java:62) ~[?:?]
	at jdk.internal.reflect.DelegatingConstructorAccessorImpl.newInstance(DelegatingConstructorAccessorImpl.java:45) ~[?:?]
	at java.lang.reflect.Constructor.newInstanceWithCaller(Constructor.java:500) ~[?:?]
	at java.lang.reflect.Constructor.newInstance(Constructor.java:481) ~[?:?]
	at org.openqa.selenium.remote.codec.w3c.W3CHttpResponseCodec.createException(W3CHttpResponseCodec.java:190) ~[selenium-remote-driver-4.0.0-alpha-1.jar:?]
	at org.openqa.selenium.remote.codec.w3c.W3CHttpResponseCodec.decode(W3CHttpResponseCodec.java:124) ~[selenium-remote-driver-4.0.0-alpha-1.jar:?]
	at org.openqa.selenium.remote.codec.w3c.W3CHttpResponseCodec.decode(W3CHttpResponseCodec.java:51) ~[selenium-remote-driver-4.0.0-alpha-1.jar:?]
	at org.openqa.selenium.remote.HttpCommandExecutor.execute(HttpCommandExecutor.java:161) ~[selenium-remote-driver-4.0.0-alpha-1.jar:?]
	at org.openqa.selenium.remote.service.DriverCommandExecutor.execute(DriverCommandExecutor.java:83) ~[selenium-remote-driver-4.0.0-alpha-1.jar:?]
	at org.openqa.selenium.remote.RemoteWebDriver.execute(RemoteWebDriver.java:577) ~[selenium-remote-driver-4.0.0-alpha-1.jar:?]
	at org.openqa.selenium.remote.RemoteWebDriver.get(RemoteWebDriver.java:277) ~[selenium-remote-driver-4.0.0-alpha-1.jar:?]
	at org.openqa.selenium.remote.RemoteWebDriver$RemoteNavigation.to(RemoteWebDriver.java:909) ~[selenium-remote-driver-4.0.0-alpha-1.jar:?]
	at org.openqa.selenium.support.events.EventFiringWebDriver$EventFiringNavigation.to(EventFiringWebDriver.java:570) ~[selenium-support-4.0.0-alpha-1.jar:?]
	at org.vividus.ui.web.action.NavigateActions.navigateTo(NavigateActions.java:47) ~[vividus-plugin-web-app-0.2.7.jar:0.2.7]
	at org.vividus.ui.web.action.NavigateActions.loadPage(NavigateActions.java:106) ~[vividus-plugin-web-app-0.2.7.jar:0.2.7]
	at org.vividus.bdd.steps.ui.web.PageSteps.loadApplicationPage(PageSteps.java:349) ~[vividus-plugin-web-app-0.2.7.jar:0.2.7]
	at org.vividus.bdd.steps.ui.web.PageSteps.iAmOnTheMainApplicationPage(PageSteps.java:93) ~[vividus-plugin-web-app-0.2.7.jar:0.2.7]
	at jdk.internal.reflect.NativeMethodAccessorImpl.invoke0(Native Method) ~[?:?]
	at jdk.internal.reflect.NativeMethodAccessorImpl.invoke(NativeMethodAccessorImpl.java:62) ~[?:?]
	at jdk.internal.reflect.DelegatingMethodAccessorImpl.invoke(DelegatingMethodAccessorImpl.java:43) ~[?:?]
	at java.lang.reflect.Method.invoke(Method.java:564) ~[?:?]
	at org.jbehave.core.steps.StepCreator$ParametrisedStep.perform(StepCreator.java:834) ~[jbehave-core-4.6.4-alpha.11.jar:?]
	... 17 more
2020-10-06 18:05:04,054 [batch-1-thread-1] INFO  org.vividus.bdd.log.LoggingStoryReporter - When I click on element located `By.xpath(//button[@aria-label='Create a team'])` (NOT PERFORMED)
2020-10-06 18:05:04,754 [batch-1-thread-1] INFO  org.vividus.bdd.log.LoggingStoryReporter - When I initialize the STORY variable `team_name` with value `#{generate(Company.name)}` (NOT PERFORMED)
2020-10-06 18:05:04,768 [batch-1-thread-1] INFO  org.vividus.bdd.log.LoggingStoryReporter - When I initialize the STORY variable `team_desc` with value `#{generate(Witcher.quote)}` (NOT PERFORMED)
2020-10-06 18:05:04,769 [batch-1-thread-1] INFO  org.vividus.bdd.log.LoggingStoryReporter - When I enter `<team_name>` in field located `By.xpath(//input[@id='1601983798671-create-team-org-display-name'])` (NOT PERFORMED)
2020-10-06 18:05:04,769 [batch-1-thread-1] INFO  org.vividus.bdd.log.LoggingStoryReporter - When I select 'Marketing' from a drop down with the name 'By.xpath(//div[@data-test-id="header-create-team-type-input"])' (NOT PERFORMED)
2020-10-06 18:05:04,770 [batch-1-thread-1] INFO  org.vividus.bdd.log.LoggingStoryReporter - When I enter `<team_desc>` in field located `By.xpath(//textarea[@id='1601983798671-create-team-org-description'])` (NOT PERFORMED)
2020-10-06 18:05:04,774 [batch-1-thread-1] INFO  org.vividus.softassert.SoftAssert - Passed verification: 0 of 0 assertions passed.
2020-10-06 18:05:04,775 [batch-1-thread-1] INFO  org.vividus.bdd.log.LoggingEmbedderMonitor - Failed to run story file:/D:/git_vividus/vividus-starter/bin/main/story/web/PreCondition.story
2020-10-06 18:05:04,775 [batch-1-thread-1] INFO  org.vividus.bdd.log.LoggingEmbedderMonitor - org.junit.runner.notification.StoppedByUserException
2020-10-06 18:05:04,775 [batch-1-thread-1] INFO  org.vividus.bdd.log.LoggingEmbedderMonitor - at org.junit.runner.notification.RunNotifier.fireTestStarted(RunNotifier.java:151)
2020-10-06 18:05:04,775 [batch-1-thread-1] INFO  org.vividus.bdd.log.LoggingEmbedderMonitor - at com.github.valfirst.jbehave.junit.monitoring.JUnitScenarioReporter.processAfterScenario(JUnitScenarioReporter.java:216)
2020-10-06 18:05:04,775 [batch-1-thread-1] INFO  org.vividus.bdd.log.LoggingEmbedderMonitor - at com.github.valfirst.jbehave.junit.monitoring.JUnitScenarioReporter.afterScenario(JUnitScenarioReporter.java:165)
2020-10-06 18:05:04,775 [batch-1-thread-1] INFO  org.vividus.bdd.log.LoggingEmbedderMonitor - at org.jbehave.core.reporters.DelegatingStoryReporter.afterScenario(DelegatingStoryReporter.java:45)
2020-10-06 18:05:04,775 [batch-1-thread-1] INFO  org.vividus.bdd.log.LoggingEmbedderMonitor - at org.jbehave.core.reporters.ConcurrentStoryReporter.afterScenario(ConcurrentStoryReporter.java:254)
2020-10-06 18:05:04,775 [batch-1-thread-1] INFO  org.vividus.bdd.log.LoggingEmbedderMonitor - at org.jbehave.core.reporters.DelegatingStoryReporter.afterScenario(DelegatingStoryReporter.java:45)
2020-10-06 18:05:04,775 [batch-1-thread-1] INFO  org.vividus.bdd.log.LoggingEmbedderMonitor - at org.jbehave.core.embedder.PerformableTree$PerformableScenario.perform(PerformableTree.java:1091)
2020-10-06 18:05:04,775 [batch-1-thread-1] INFO  org.vividus.bdd.log.LoggingEmbedderMonitor - at org.jbehave.core.embedder.PerformableTree$PerformableStory.performScenarios(PerformableTree.java:975)
2020-10-06 18:05:04,776 [batch-1-thread-1] INFO  org.vividus.bdd.log.LoggingEmbedderMonitor - at org.jbehave.core.embedder.PerformableTree$PerformableStory.perform(PerformableTree.java:943)
2020-10-06 18:05:04,776 [batch-1-thread-1] INFO  org.vividus.bdd.log.LoggingEmbedderMonitor - at org.jbehave.core.embedder.PerformableTree.performCancellable(PerformableTree.java:471)
2020-10-06 18:05:04,776 [batch-1-thread-1] INFO  org.vividus.bdd.log.LoggingEmbedderMonitor - at org.jbehave.core.embedder.PerformableTree.perform(PerformableTree.java:438)
2020-10-06 18:05:04,776 [batch-1-thread-1] INFO  org.vividus.bdd.log.LoggingEmbedderMonitor - at org.jbehave.core.embedder.StoryManager$EnqueuedStory.call(StoryManager.java:293)
2020-10-06 18:05:04,776 [batch-1-thread-1] INFO  org.vividus.bdd.log.LoggingEmbedderMonitor - at org.jbehave.core.embedder.StoryManager$EnqueuedStory.call(StoryManager.java:266)
2020-10-06 18:05:04,776 [batch-1-thread-1] INFO  org.vividus.bdd.log.LoggingEmbedderMonitor - at java.base/java.util.concurrent.FutureTask.run(FutureTask.java:264)
2020-10-06 18:05:04,776 [batch-1-thread-1] INFO  org.vividus.bdd.log.LoggingEmbedderMonitor - at java.base/java.util.concurrent.ThreadPoolExecutor.runWorker(ThreadPoolExecutor.java:1130)
2020-10-06 18:05:04,776 [batch-1-thread-1] INFO  org.vividus.bdd.log.LoggingEmbedderMonitor - at java.base/java.util.concurrent.ThreadPoolExecutor$Worker.run(ThreadPoolExecutor.java:630)
2020-10-06 18:05:04,776 [batch-1-thread-1] INFO  org.vividus.bdd.log.LoggingEmbedderMonitor - at java.base/java.lang.Thread.run(Thread.java:832)
2020-10-06 18:05:05,000 [batch-1-thread-1] INFO  org.vividus.bdd.log.LoggingStepMonitor - Performing step 'When I enter `${Password}` in field located `By.xpath(//input[@id='password'])`'
2020-10-06 18:05:05,010 [batch-1-thread-1] INFO  org.vividus.ui.web.action.search.AbstractElementSearchAction - Total number of elements found By.xpath: //input[normalize-space(@id)='password'] is equal to 1
2020-10-06 18:05:05,028 [batch-1-thread-1] INFO  org.vividus.softassert.SoftAssert - Pass: An element with attributes XPath: '//input[normalize-space(@id)='password']'; Visibility: VISIBLE; exists
2020-10-06 18:05:05,028 [batch-1-thread-1] DEBUG org.vividus.softassert.SoftAssert - Pass: An element with attributes: ' XPath: '//input[normalize-space(@id)='password']'; Visibility: VISIBLE;' exists
2020-10-06 18:05:05,058 [batch-1-thread-1] INFO  org.vividus.ui.web.action.WebElementActions - Entering text "Drums_Or_N5088" in element
2020-10-06 18:05:05,171 [batch-1-thread-1] INFO  org.vividus.bdd.log.LoggingStepMonitor - Performing step 'When I click on element located `By.xpath(//button[@id='login-submit'])`'
2020-10-06 18:05:05,183 [batch-1-thread-1] INFO  org.vividus.ui.web.action.search.AbstractElementSearchAction - Total number of elements found By.xpath: //button[normalize-space(@id)='login-submit'] is equal to 1
2020-10-06 18:05:05,200 [batch-1-thread-1] INFO  org.vividus.softassert.SoftAssert - Pass: An element with attributes XPath: '//button[normalize-space(@id)='login-submit']'; Visibility: VISIBLE; exists
2020-10-06 18:05:05,200 [batch-1-thread-1] DEBUG org.vividus.softassert.SoftAssert - Pass: An element with attributes: ' XPath: '//button[normalize-space(@id)='login-submit']'; Visibility: VISIBLE;' exists
2020-10-06 18:05:05,911 [batch-1-thread-1] INFO  org.vividus.bdd.log.LoggingStepMonitor - Performing step 'When I wait until element located `By.xpath(//h2[text()='Most popular templates'])` appears'
2020-10-06 18:05:05,923 [batch-1-thread-1] INFO  org.vividus.ui.web.action.search.AbstractElementSearchAction - Total number of elements found By.xpath: //h2[text()[normalize-space()='Most popular templates']] is equal to 0
2020-10-06 18:05:07,331 [batch-1-thread-1] INFO  org.vividus.bdd.log.LoggingStepMonitor - Performing step 'When I enter `${Password}` in field located `By.xpath(//input[@id='password'])`'
2020-10-06 18:05:07,341 [batch-1-thread-1] INFO  org.vividus.ui.web.action.search.AbstractElementSearchAction - Total number of elements found By.xpath: //input[normalize-space(@id)='password'] is equal to 1
2020-10-06 18:05:07,356 [batch-1-thread-1] INFO  org.vividus.softassert.SoftAssert - Pass: An element with attributes XPath: '//input[normalize-space(@id)='password']'; Visibility: VISIBLE; exists
2020-10-06 18:05:07,356 [batch-1-thread-1] DEBUG org.vividus.softassert.SoftAssert - Pass: An element with attributes: ' XPath: '//input[normalize-space(@id)='password']'; Visibility: VISIBLE;' exists
2020-10-06 18:05:07,381 [batch-1-thread-1] INFO  org.vividus.ui.web.action.WebElementActions - Entering text "Drums_Or_N5088" in element
2020-10-06 18:05:07,434 [batch-1-thread-1] INFO  org.vividus.bdd.log.LoggingStepMonitor - Performing step 'When I click on element located `By.xpath(//button[@id='login-submit'])`'
2020-10-06 18:05:07,444 [batch-1-thread-1] INFO  org.vividus.ui.web.action.search.AbstractElementSearchAction - Total number of elements found By.xpath: //button[normalize-space(@id)='login-submit'] is equal to 1
2020-10-06 18:05:07,458 [batch-1-thread-1] INFO  org.vividus.softassert.SoftAssert - Pass: An element with attributes XPath: '//button[normalize-space(@id)='login-submit']'; Visibility: VISIBLE; exists
2020-10-06 18:05:07,459 [batch-1-thread-1] DEBUG org.vividus.softassert.SoftAssert - Pass: An element with attributes: ' XPath: '//button[normalize-space(@id)='login-submit']'; Visibility: VISIBLE;' exists
2020-10-06 18:05:08,171 [batch-1-thread-1] INFO  org.vividus.bdd.log.LoggingStepMonitor - Performing step 'When I wait until element located `By.xpath(//h2[text()='Most popular templates'])` appears'
2020-10-06 18:05:08,183 [batch-1-thread-1] INFO  org.vividus.ui.web.action.search.AbstractElementSearchAction - Total number of elements found By.xpath: //h2[text()[normalize-space()='Most popular templates']] is equal to 0
2020-10-06 18:05:09,275 [batch-1-thread-1] INFO  org.vividus.ui.web.action.search.AbstractElementSearchAction - Total number of elements found By.xpath: //h2[text()[normalize-space()='Most popular templates']] is equal to 0
2020-10-06 18:05:11,143 [batch-1-thread-1] INFO  org.vividus.ui.web.action.search.AbstractElementSearchAction - Total number of elements found By.xpath: //h2[text()[normalize-space()='Most popular templates']] is equal to 0
2020-10-06 18:05:17,043 [batch-1-thread-1] INFO  org.vividus.ui.web.action.search.AbstractElementSearchAction - Total number of elements found By.xpath: //h2[text()[normalize-space()='Most popular templates']] is equal to 0
2020-10-06 18:05:19,076 [batch-1-thread-1] INFO  org.vividus.ui.web.action.search.AbstractElementSearchAction - Total number of elements found By.xpath: //h2[text()[normalize-space()='Most popular templates']] is equal to 0
2020-10-06 18:05:21,087 [batch-1-thread-1] INFO  org.vividus.ui.web.action.search.AbstractElementSearchAction - Total number of elements found By.xpath: //h2[text()[normalize-space()='Most popular templates']] is equal to 0
2020-10-06 18:05:22,648 [batch-1-thread-1] INFO  org.vividus.ui.web.action.search.AbstractElementSearchAction - Total number of elements found By.xpath: //h2[text()[normalize-space()='Most popular templates']] is equal to 0
2020-10-06 18:05:23,096 [batch-1-thread-1] INFO  org.vividus.ui.web.action.search.AbstractElementSearchAction - Total number of elements found By.xpath: //h2[text()[normalize-space()='Most popular templates']] is equal to 0
2020-10-06 18:05:24,658 [batch-1-thread-1] INFO  org.vividus.ui.web.action.search.AbstractElementSearchAction - Total number of elements found By.xpath: //h2[text()[normalize-space()='Most popular templates']] is equal to 0
2020-10-06 18:05:25,104 [batch-1-thread-1] INFO  org.vividus.ui.web.action.search.AbstractElementSearchAction - Total number of elements found By.xpath: //h2[text()[normalize-space()='Most popular templates']] is equal to 0
2020-10-06 18:05:26,668 [batch-1-thread-1] INFO  org.vividus.ui.web.action.search.AbstractElementSearchAction - Total number of elements found By.xpath: //h2[text()[normalize-space()='Most popular templates']] is equal to 0
2020-10-06 18:05:27,800 [batch-1-thread-1] INFO  org.vividus.ui.web.action.search.AbstractElementSearchAction - Total number of elements found By.xpath: //h2[text()[normalize-space()='Most popular templates']] is equal to 1
2020-10-06 18:05:27,828 [batch-1-thread-1] INFO  org.vividus.bdd.log.LoggingStepMonitor - Performing step 'Then the page with the URL 'https://trello.com/senchy/boards' is loaded'
2020-10-06 18:05:27,839 [batch-1-thread-1] INFO  org.vividus.softassert.SoftAssert - Pass: Page has correct URL [Expected: <https://trello.com/senchy/boards> Actual: <https://trello.com/senchy/boards>]
2020-10-06 18:05:27,840 [batch-1-thread-1] INFO  org.vividus.bdd.log.LoggingStepMonitor - Performing step 'When I click on element located `By.xpath(//button[@aria-label='Create a team'])`'
2020-10-06 18:05:27,850 [batch-1-thread-1] INFO  org.vividus.ui.web.action.search.AbstractElementSearchAction - Total number of elements found By.xpath: //button[normalize-space(@aria-label)='Create a team'] is equal to 1
2020-10-06 18:05:27,863 [batch-1-thread-1] INFO  org.vividus.softassert.SoftAssert - Pass: An element with attributes XPath: '//button[normalize-space(@aria-label)='Create a team']'; Visibility: VISIBLE; exists
2020-10-06 18:05:27,863 [batch-1-thread-1] DEBUG org.vividus.softassert.SoftAssert - Pass: An element with attributes: ' XPath: '//button[normalize-space(@aria-label)='Create a team']'; Visibility: VISIBLE;' exists
2020-10-06 18:05:28,678 [batch-1-thread-1] INFO  org.vividus.ui.web.action.search.AbstractElementSearchAction - Total number of elements found By.xpath: //h2[text()[normalize-space()='Most popular templates']] is equal to 0
2020-10-06 18:05:30,686 [batch-1-thread-1] INFO  org.vividus.ui.web.action.search.AbstractElementSearchAction - Total number of elements found By.xpath: //h2[text()[normalize-space()='Most popular templates']] is equal to 0
2020-10-06 18:05:30,719 [batch-1-thread-1] INFO  org.vividus.bdd.log.LoggingStepMonitor - Performing step 'When I initialize the ?STORY? variable `team_name` with value `#{generate(Company.name)}`'
2020-10-06 18:05:30,722 [batch-1-thread-1] INFO  org.vividus.bdd.context.BddVariableContext - Saving a value 'Adams, Russel and Gusikowski' into the 'STORY' variable 'team_name'
2020-10-06 18:05:30,734 [batch-1-thread-1] INFO  org.vividus.bdd.log.LoggingStepMonitor - Performing step 'When I initialize the ?STORY? variable `team_desc` with value `#{generate(Witcher.quote)}`'
2020-10-06 18:05:30,735 [batch-1-thread-1] INFO  org.vividus.bdd.context.BddVariableContext - Saving a value 'Finish all your business before you die. Bid loved ones farewell. Write your will. Apologize to those you’ve wronged. Otherwise, you’ll never truly leave this world.' into the 'STORY' variable 'team_desc'
2020-10-06 18:05:30,736 [batch-1-thread-1] INFO  org.vividus.bdd.log.LoggingStepMonitor - Performing step 'When I enter `<team_name>` in field located `By.xpath(//input[@id='1601983798671-create-team-org-display-name'])`'
2020-10-06 18:05:30,747 [batch-1-thread-1] INFO  org.vividus.ui.web.action.search.AbstractElementSearchAction - Total number of elements found By.xpath: //input[normalize-space(@id)='1601983798671-create-team-org-display-name'] is equal to 0
2020-10-06 18:05:30,748 [batch-1-thread-1] ERROR org.vividus.softassert.SoftAssert - Fail: An element with attributes XPath: '//input[normalize-space(@id)='1601983798671-create-team-org-display-name']'; Visibility: VISIBLE; [Expected: exists Actual: does not exist]
2020-10-06 18:05:30,749 [batch-1-thread-1] DEBUG org.vividus.softassert.SoftAssert - Fail: An element with attributes: ' XPath: '//input[normalize-space(@id)='1601983798671-create-team-org-display-name']'; Visibility: VISIBLE;' [Expected: exists Actual: does not exist]
2020-10-06 18:05:31,878 [batch-1-thread-1] INFO  org.vividus.bdd.log.LoggingStepMonitor - Performing step 'When I select 'Marketing' from a drop down with the name 'By.xpath(//div[@data-test-id="header-create-team-type-input"])''
2020-10-06 18:05:31,891 [batch-1-thread-1] INFO  org.vividus.ui.web.action.search.AbstractElementSearchAction - Total number of elements found By.xpath: .//select[@*[normalize-space()='By.xpath(//div[normalize-space(@data-test-id)="header-create-team-type-input"])']] is equal to 0
2020-10-06 18:05:31,892 [batch-1-thread-1] ERROR org.vividus.softassert.SoftAssert - Fail: Drop down with the name 'By.xpath(//div[@data-test-id="header-create-team-type-input"])' [Expected: exists Actual: does not exist]
2020-10-06 18:05:31,892 [batch-1-thread-1] DEBUG org.vividus.softassert.SoftAssert - Fail: An element with attributes: ' XPath: './/select[@*[normalize-space()='By.xpath(//div[normalize-space(@data-test-id)="header-create-team-type-input"])']]'; Visibility: VISIBLE;' [Expected: exists Actual: does not exist]
2020-10-06 18:05:32,696 [batch-1-thread-1] INFO  org.vividus.ui.web.action.search.AbstractElementSearchAction - Total number of elements found By.xpath: //h2[text()[normalize-space()='Most popular templates']] is equal to 0
2020-10-06 18:05:32,829 [batch-1-thread-1] INFO  org.vividus.bdd.log.LoggingStepMonitor - Performing step 'When I enter `<team_desc>` in field located `By.xpath(//textarea[@id='1601983798671-create-team-org-description'])`'
2020-10-06 18:05:32,840 [batch-1-thread-1] INFO  org.vividus.ui.web.action.search.AbstractElementSearchAction - Total number of elements found By.xpath: //textarea[normalize-space(@id)='1601983798671-create-team-org-description'] is equal to 0
2020-10-06 18:05:32,840 [batch-1-thread-1] ERROR org.vividus.softassert.SoftAssert - Fail: An element with attributes XPath: '//textarea[normalize-space(@id)='1601983798671-create-team-org-description']'; Visibility: VISIBLE; [Expected: exists Actual: does not exist]
2020-10-06 18:05:32,841 [batch-1-thread-1] DEBUG org.vividus.softassert.SoftAssert - Fail: An element with attributes: ' XPath: '//textarea[normalize-space(@id)='1601983798671-create-team-org-description']'; Visibility: VISIBLE;' [Expected: exists Actual: does not exist]
2020-10-06 18:05:33,792 [batch-1-thread-1] ERROR org.vividus.softassert.SoftAssert - Failed verification: 3 of 10 assertions failed. Known issues are not found.
1) java.lang.AssertionError: An element with attributes XPath: '//input[normalize-space(@id)='1601983798671-create-team-org-display-name']'; Visibility: VISIBLE; [Expected: exists Actual: does not exist]
	at org.vividus.bdd.steps.ui.web.validation.DescriptiveSoftAssert.recordAssertion(DescriptiveSoftAssert.java:69)
	at org.vividus.bdd.steps.ui.web.validation.DescriptiveSoftAssert.assertThat(DescriptiveSoftAssert.java:39)
	at org.vividus.bdd.steps.ui.web.validation.HighlightingSoftAssert.assertThat(HighlightingSoftAssert.java:52)
	at org.vividus.bdd.steps.ui.web.validation.BaseValidations.assertIfElementExists(BaseValidations.java:89)
	at org.vividus.bdd.steps.ui.web.validation.BaseValidations.assertIfElementExists(BaseValidations.java:138)
	at org.vividus.bdd.steps.ui.web.validation.BaseValidations.assertIfElementExists(BaseValidations.java:129)
	at org.vividus.ui.web.action.WebElementActions.findElement(WebElementActions.java:169)
	at org.vividus.ui.web.action.WebElementActions.typeText(WebElementActions.java:80)
	at org.vividus.bdd.steps.ui.web.FieldSteps.enterTextInField(FieldSteps.java:123)
2) java.lang.AssertionError: Drop down with the name 'By.xpath(//div[@data-test-id="header-create-team-type-input"])' [Expected: exists Actual: does not exist]
	at org.vividus.bdd.steps.ui.web.validation.DescriptiveSoftAssert.recordAssertion(DescriptiveSoftAssert.java:69)
	at org.vividus.bdd.steps.ui.web.validation.DescriptiveSoftAssert.assertThat(DescriptiveSoftAssert.java:39)
	at org.vividus.bdd.steps.ui.web.validation.HighlightingSoftAssert.assertThat(HighlightingSoftAssert.java:52)
	at org.vividus.bdd.steps.ui.web.validation.BaseValidations.assertIfElementExists(BaseValidations.java:89)
	at org.vividus.bdd.steps.ui.web.validation.BaseValidations.assertIfElementExists(BaseValidations.java:138)
	at org.vividus.bdd.steps.ui.web.validation.BaseValidations.assertIfElementExists(BaseValidations.java:129)
	at org.vividus.bdd.steps.ui.web.DropdownSteps.findDropDownList(DropdownSteps.java:268)
	at org.vividus.bdd.steps.ui.web.DropdownSteps.selectItemInDDL(DropdownSteps.java:275)
	at org.vividus.bdd.steps.ui.web.DropdownSteps.selectItemInDDL(DropdownSteps.java:220)
3) java.lang.AssertionError: An element with attributes XPath: '//textarea[normalize-space(@id)='1601983798671-create-team-org-description']'; Visibility: VISIBLE; [Expected: exists Actual: does not exist]
	at org.vividus.bdd.steps.ui.web.validation.DescriptiveSoftAssert.recordAssertion(DescriptiveSoftAssert.java:69)
	at org.vividus.bdd.steps.ui.web.validation.DescriptiveSoftAssert.assertThat(DescriptiveSoftAssert.java:39)
	at org.vividus.bdd.steps.ui.web.validation.HighlightingSoftAssert.assertThat(HighlightingSoftAssert.java:52)
	at org.vividus.bdd.steps.ui.web.validation.BaseValidations.assertIfElementExists(BaseValidations.java:89)
	at org.vividus.bdd.steps.ui.web.validation.BaseValidations.assertIfElementExists(BaseValidations.java:138)
	at org.vividus.bdd.steps.ui.web.validation.BaseValidations.assertIfElementExists(BaseValidations.java:129)
	at org.vividus.ui.web.action.WebElementActions.findElement(WebElementActions.java:169)
	at org.vividus.ui.web.action.WebElementActions.typeText(WebElementActions.java:80)
	at org.vividus.bdd.steps.ui.web.FieldSteps.enterTextInField(FieldSteps.java:123)

2020-10-06 18:05:33,796 [batch-1-thread-1] INFO  org.vividus.bdd.log.LoggingStoryReporter - org.vividus.bdd.steps.AssertSteps.verifyIfAssertionsPassed() (FAILED)
(org.jbehave.core.failures.BeforeOrAfterFailed: Method verifyIfAssertionsPassed (annotated with @AfterScenario in class org.vividus.bdd.steps.AssertSteps) failed: org.vividus.softassert.exception.VerificationError: 
1) java.lang.AssertionError: An element with attributes XPath: '//input[normalize-space(@id)='1601983798671-create-team-org-display-name']'; Visibility: VISIBLE; [Expected: exists Actual: does not exist]
	at org.vividus.bdd.steps.ui.web.validation.DescriptiveSoftAssert.recordAssertion(DescriptiveSoftAssert.java:69)
	at org.vividus.bdd.steps.ui.web.validation.DescriptiveSoftAssert.assertThat(DescriptiveSoftAssert.java:39)
	at org.vividus.bdd.steps.ui.web.validation.HighlightingSoftAssert.assertThat(HighlightingSoftAssert.java:52)
	at org.vividus.bdd.steps.ui.web.validation.BaseValidations.assertIfElementExists(BaseValidations.java:89)
	at org.vividus.bdd.steps.ui.web.validation.BaseValidations.assertIfElementExists(BaseValidations.java:138)
	at org.vividus.bdd.steps.ui.web.validation.BaseValidations.assertIfElementExists(BaseValidations.java:129)
	at org.vividus.ui.web.action.WebElementActions.findElement(WebElementActions.java:169)
	at org.vividus.ui.web.action.WebElementActions.typeText(WebElementActions.java:80)
	at org.vividus.bdd.steps.ui.web.FieldSteps.enterTextInField(FieldSteps.java:123)
2) java.lang.AssertionError: Drop down with the name 'By.xpath(//div[@data-test-id="header-create-team-type-input"])' [Expected: exists Actual: does not exist]
	at org.vividus.bdd.steps.ui.web.validation.DescriptiveSoftAssert.recordAssertion(DescriptiveSoftAssert.java:69)
	at org.vividus.bdd.steps.ui.web.validation.DescriptiveSoftAssert.assertThat(DescriptiveSoftAssert.java:39)
	at org.vividus.bdd.steps.ui.web.validation.HighlightingSoftAssert.assertThat(HighlightingSoftAssert.java:52)
	at org.vividus.bdd.steps.ui.web.validation.BaseValidations.assertIfElementExists(BaseValidations.java:89)
	at org.vividus.bdd.steps.ui.web.validation.BaseValidations.assertIfElementExists(BaseValidations.java:138)
	at org.vividus.bdd.steps.ui.web.validation.BaseValidations.assertIfElementExists(BaseValidations.java:129)
	at org.vividus.bdd.steps.ui.web.DropdownSteps.findDropDownList(DropdownSteps.java:268)
	at org.vividus.bdd.steps.ui.web.DropdownSteps.selectItemInDDL(DropdownSteps.java:275)
	at org.vividus.bdd.steps.ui.web.DropdownSteps.selectItemInDDL(DropdownSteps.java:220)
3) java.lang.AssertionError: An element with attributes XPath: '//textarea[normalize-space(@id)='1601983798671-create-team-org-description']'; Visibility: VISIBLE; [Expected: exists Actual: does not exist]
	at org.vividus.bdd.steps.ui.web.validation.DescriptiveSoftAssert.recordAssertion(DescriptiveSoftAssert.java:69)
	at org.vividus.bdd.steps.ui.web.validation.DescriptiveSoftAssert.assertThat(DescriptiveSoftAssert.java:39)
	at org.vividus.bdd.steps.ui.web.validation.HighlightingSoftAssert.assertThat(HighlightingSoftAssert.java:52)
	at org.vividus.bdd.steps.ui.web.validation.BaseValidations.assertIfElementExists(BaseValidations.java:89)
	at org.vividus.bdd.steps.ui.web.validation.BaseValidations.assertIfElementExists(BaseValidations.java:138)
	at org.vividus.bdd.steps.ui.web.validation.BaseValidations.assertIfElementExists(BaseValidations.java:129)
	at org.vividus.ui.web.action.WebElementActions.findElement(WebElementActions.java:169)
	at org.vividus.ui.web.action.WebElementActions.typeText(WebElementActions.java:80)
	at org.vividus.bdd.steps.ui.web.FieldSteps.enterTextInField(FieldSteps.java:123)
)
2020-10-06 18:05:33,797 [batch-1-thread-1] ERROR org.vividus.bdd.log.LoggingStoryReporter - Step is failed with exception
org.jbehave.core.failures.UUIDExceptionWrapper: org.jbehave.core.failures.BeforeOrAfterFailed: Method verifyIfAssertionsPassed (annotated with @AfterScenario in class org.vividus.bdd.steps.AssertSteps) failed: org.vividus.softassert.exception.VerificationError: 
1) java.lang.AssertionError: An element with attributes XPath: '//input[normalize-space(@id)='1601983798671-create-team-org-display-name']'; Visibility: VISIBLE; [Expected: exists Actual: does not exist]
	at org.vividus.bdd.steps.ui.web.validation.DescriptiveSoftAssert.recordAssertion(DescriptiveSoftAssert.java:69)
	at org.vividus.bdd.steps.ui.web.validation.DescriptiveSoftAssert.assertThat(DescriptiveSoftAssert.java:39)
	at org.vividus.bdd.steps.ui.web.validation.HighlightingSoftAssert.assertThat(HighlightingSoftAssert.java:52)
	at org.vividus.bdd.steps.ui.web.validation.BaseValidations.assertIfElementExists(BaseValidations.java:89)
	at org.vividus.bdd.steps.ui.web.validation.BaseValidations.assertIfElementExists(BaseValidations.java:138)
	at org.vividus.bdd.steps.ui.web.validation.BaseValidations.assertIfElementExists(BaseValidations.java:129)
	at org.vividus.ui.web.action.WebElementActions.findElement(WebElementActions.java:169)
	at org.vividus.ui.web.action.WebElementActions.typeText(WebElementActions.java:80)
	at org.vividus.bdd.steps.ui.web.FieldSteps.enterTextInField(FieldSteps.java:123)
2) java.lang.AssertionError: Drop down with the name 'By.xpath(//div[@data-test-id="header-create-team-type-input"])' [Expected: exists Actual: does not exist]
	at org.vividus.bdd.steps.ui.web.validation.DescriptiveSoftAssert.recordAssertion(DescriptiveSoftAssert.java:69)
	at org.vividus.bdd.steps.ui.web.validation.DescriptiveSoftAssert.assertThat(DescriptiveSoftAssert.java:39)
	at org.vividus.bdd.steps.ui.web.validation.HighlightingSoftAssert.assertThat(HighlightingSoftAssert.java:52)
	at org.vividus.bdd.steps.ui.web.validation.BaseValidations.assertIfElementExists(BaseValidations.java:89)
	at org.vividus.bdd.steps.ui.web.validation.BaseValidations.assertIfElementExists(BaseValidations.java:138)
	at org.vividus.bdd.steps.ui.web.validation.BaseValidations.assertIfElementExists(BaseValidations.java:129)
	at org.vividus.bdd.steps.ui.web.DropdownSteps.findDropDownList(DropdownSteps.java:268)
	at org.vividus.bdd.steps.ui.web.DropdownSteps.selectItemInDDL(DropdownSteps.java:275)
	at org.vividus.bdd.steps.ui.web.DropdownSteps.selectItemInDDL(DropdownSteps.java:220)
3) java.lang.AssertionError: An element with attributes XPath: '//textarea[normalize-space(@id)='1601983798671-create-team-org-description']'; Visibility: VISIBLE; [Expected: exists Actual: does not exist]
	at org.vividus.bdd.steps.ui.web.validation.DescriptiveSoftAssert.recordAssertion(DescriptiveSoftAssert.java:69)
	at org.vividus.bdd.steps.ui.web.validation.DescriptiveSoftAssert.assertThat(DescriptiveSoftAssert.java:39)
	at org.vividus.bdd.steps.ui.web.validation.HighlightingSoftAssert.assertThat(HighlightingSoftAssert.java:52)
	at org.vividus.bdd.steps.ui.web.validation.BaseValidations.assertIfElementExists(BaseValidations.java:89)
	at org.vividus.bdd.steps.ui.web.validation.BaseValidations.assertIfElementExists(BaseValidations.java:138)
	at org.vividus.bdd.steps.ui.web.validation.BaseValidations.assertIfElementExists(BaseValidations.java:129)
	at org.vividus.ui.web.action.WebElementActions.findElement(WebElementActions.java:169)
	at org.vividus.ui.web.action.WebElementActions.typeText(WebElementActions.java:80)
	at org.vividus.bdd.steps.ui.web.FieldSteps.enterTextInField(FieldSteps.java:123)

	at org.jbehave.core.steps.StepCreator$BeforeOrAfterStep.perform(StepCreator.java:719) ~[jbehave-core-4.6.4-alpha.11.jar:?]
	at org.jbehave.core.steps.StepCreator$DelegatingStep.perform(StepCreator.java:680) ~[jbehave-core-4.6.4-alpha.11.jar:?]
	at org.jbehave.core.embedder.PerformableTree$FineSoFar.run(PerformableTree.java:392) [jbehave-core-4.6.4-alpha.11.jar:?]
	at org.jbehave.core.embedder.PerformableTree$PerformableSteps.perform(PerformableTree.java:1309) [jbehave-core-4.6.4-alpha.11.jar:?]
	at org.jbehave.core.embedder.PerformableTree$AbstractPerformableScenario.perform(PerformableTree.java:1192) [jbehave-core-4.6.4-alpha.11.jar:?]
	at org.jbehave.core.embedder.PerformableTree$AbstractPerformableScenario.performScenario(PerformableTree.java:1184) [jbehave-core-4.6.4-alpha.11.jar:?]
	at org.jbehave.core.embedder.PerformableTree$NormalPerformableScenario.perform(PerformableTree.java:1223) [jbehave-core-4.6.4-alpha.11.jar:?]
	at org.jbehave.core.embedder.PerformableTree$PerformableScenario.perform(PerformableTree.java:1088) [jbehave-core-4.6.4-alpha.11.jar:?]
	at org.jbehave.core.embedder.PerformableTree$PerformableStory.performScenarios(PerformableTree.java:975) [jbehave-core-4.6.4-alpha.11.jar:?]
	at org.jbehave.core.embedder.PerformableTree$PerformableStory.perform(PerformableTree.java:943) [jbehave-core-4.6.4-alpha.11.jar:?]
	at org.jbehave.core.embedder.PerformableTree.performCancellable(PerformableTree.java:471) [jbehave-core-4.6.4-alpha.11.jar:?]
	at org.jbehave.core.embedder.PerformableTree.perform(PerformableTree.java:438) [jbehave-core-4.6.4-alpha.11.jar:?]
	at org.jbehave.core.embedder.StoryManager$EnqueuedStory.call(StoryManager.java:293) [jbehave-core-4.6.4-alpha.11.jar:?]
	at org.jbehave.core.embedder.StoryManager$EnqueuedStory.call(StoryManager.java:266) [jbehave-core-4.6.4-alpha.11.jar:?]
	at java.util.concurrent.FutureTask.run(FutureTask.java:264) [?:?]
	at java.util.concurrent.ThreadPoolExecutor.runWorker(ThreadPoolExecutor.java:1130) [?:?]
	at java.util.concurrent.ThreadPoolExecutor$Worker.run(ThreadPoolExecutor.java:630) [?:?]
	at java.lang.Thread.run(Thread.java:832) [?:?]
Caused by: org.jbehave.core.failures.BeforeOrAfterFailed: Method verifyIfAssertionsPassed (annotated with @AfterScenario in class org.vividus.bdd.steps.AssertSteps) failed: org.vividus.softassert.exception.VerificationError: 
1) java.lang.AssertionError: An element with attributes XPath: '//input[normalize-space(@id)='1601983798671-create-team-org-display-name']'; Visibility: VISIBLE; [Expected: exists Actual: does not exist]
	at org.vividus.bdd.steps.ui.web.validation.DescriptiveSoftAssert.recordAssertion(DescriptiveSoftAssert.java:69)
	at org.vividus.bdd.steps.ui.web.validation.DescriptiveSoftAssert.assertThat(DescriptiveSoftAssert.java:39)
	at org.vividus.bdd.steps.ui.web.validation.HighlightingSoftAssert.assertThat(HighlightingSoftAssert.java:52)
	at org.vividus.bdd.steps.ui.web.validation.BaseValidations.assertIfElementExists(BaseValidations.java:89)
	at org.vividus.bdd.steps.ui.web.validation.BaseValidations.assertIfElementExists(BaseValidations.java:138)
	at org.vividus.bdd.steps.ui.web.validation.BaseValidations.assertIfElementExists(BaseValidations.java:129)
	at org.vividus.ui.web.action.WebElementActions.findElement(WebElementActions.java:169)
	at org.vividus.ui.web.action.WebElementActions.typeText(WebElementActions.java:80)
	at org.vividus.bdd.steps.ui.web.FieldSteps.enterTextInField(FieldSteps.java:123)
2) java.lang.AssertionError: Drop down with the name 'By.xpath(//div[@data-test-id="header-create-team-type-input"])' [Expected: exists Actual: does not exist]
	at org.vividus.bdd.steps.ui.web.validation.DescriptiveSoftAssert.recordAssertion(DescriptiveSoftAssert.java:69)
	at org.vividus.bdd.steps.ui.web.validation.DescriptiveSoftAssert.assertThat(DescriptiveSoftAssert.java:39)
	at org.vividus.bdd.steps.ui.web.validation.HighlightingSoftAssert.assertThat(HighlightingSoftAssert.java:52)
	at org.vividus.bdd.steps.ui.web.validation.BaseValidations.assertIfElementExists(BaseValidations.java:89)
	at org.vividus.bdd.steps.ui.web.validation.BaseValidations.assertIfElementExists(BaseValidations.java:138)
	at org.vividus.bdd.steps.ui.web.validation.BaseValidations.assertIfElementExists(BaseValidations.java:129)
	at org.vividus.bdd.steps.ui.web.DropdownSteps.findDropDownList(DropdownSteps.java:268)
	at org.vividus.bdd.steps.ui.web.DropdownSteps.selectItemInDDL(DropdownSteps.java:275)
	at org.vividus.bdd.steps.ui.web.DropdownSteps.selectItemInDDL(DropdownSteps.java:220)
3) java.lang.AssertionError: An element with attributes XPath: '//textarea[normalize-space(@id)='1601983798671-create-team-org-description']'; Visibility: VISIBLE; [Expected: exists Actual: does not exist]
	at org.vividus.bdd.steps.ui.web.validation.DescriptiveSoftAssert.recordAssertion(DescriptiveSoftAssert.java:69)
	at org.vividus.bdd.steps.ui.web.validation.DescriptiveSoftAssert.assertThat(DescriptiveSoftAssert.java:39)
	at org.vividus.bdd.steps.ui.web.validation.HighlightingSoftAssert.assertThat(HighlightingSoftAssert.java:52)
	at org.vividus.bdd.steps.ui.web.validation.BaseValidations.assertIfElementExists(BaseValidations.java:89)
	at org.vividus.bdd.steps.ui.web.validation.BaseValidations.assertIfElementExists(BaseValidations.java:138)
	at org.vividus.bdd.steps.ui.web.validation.BaseValidations.assertIfElementExists(BaseValidations.java:129)
	at org.vividus.ui.web.action.WebElementActions.findElement(WebElementActions.java:169)
	at org.vividus.ui.web.action.WebElementActions.typeText(WebElementActions.java:80)
	at org.vividus.bdd.steps.ui.web.FieldSteps.enterTextInField(FieldSteps.java:123)

	... 18 more
Caused by: org.vividus.softassert.exception.VerificationError: 
1) java.lang.AssertionError: An element with attributes XPath: '//input[normalize-space(@id)='1601983798671-create-team-org-display-name']'; Visibility: VISIBLE; [Expected: exists Actual: does not exist]
	at org.vividus.bdd.steps.ui.web.validation.DescriptiveSoftAssert.recordAssertion(DescriptiveSoftAssert.java:69)
	at org.vividus.bdd.steps.ui.web.validation.DescriptiveSoftAssert.assertThat(DescriptiveSoftAssert.java:39)
	at org.vividus.bdd.steps.ui.web.validation.HighlightingSoftAssert.assertThat(HighlightingSoftAssert.java:52)
	at org.vividus.bdd.steps.ui.web.validation.BaseValidations.assertIfElementExists(BaseValidations.java:89)
	at org.vividus.bdd.steps.ui.web.validation.BaseValidations.assertIfElementExists(BaseValidations.java:138)
	at org.vividus.bdd.steps.ui.web.validation.BaseValidations.assertIfElementExists(BaseValidations.java:129)
	at org.vividus.ui.web.action.WebElementActions.findElement(WebElementActions.java:169)
	at org.vividus.ui.web.action.WebElementActions.typeText(WebElementActions.java:80)
	at org.vividus.bdd.steps.ui.web.FieldSteps.enterTextInField(FieldSteps.java:123)
2) java.lang.AssertionError: Drop down with the name 'By.xpath(//div[@data-test-id="header-create-team-type-input"])' [Expected: exists Actual: does not exist]
	at org.vividus.bdd.steps.ui.web.validation.DescriptiveSoftAssert.recordAssertion(DescriptiveSoftAssert.java:69)
	at org.vividus.bdd.steps.ui.web.validation.DescriptiveSoftAssert.assertThat(DescriptiveSoftAssert.java:39)
	at org.vividus.bdd.steps.ui.web.validation.HighlightingSoftAssert.assertThat(HighlightingSoftAssert.java:52)
	at org.vividus.bdd.steps.ui.web.validation.BaseValidations.assertIfElementExists(BaseValidations.java:89)
	at org.vividus.bdd.steps.ui.web.validation.BaseValidations.assertIfElementExists(BaseValidations.java:138)
	at org.vividus.bdd.steps.ui.web.validation.BaseValidations.assertIfElementExists(BaseValidations.java:129)
	at org.vividus.bdd.steps.ui.web.DropdownSteps.findDropDownList(DropdownSteps.java:268)
	at org.vividus.bdd.steps.ui.web.DropdownSteps.selectItemInDDL(DropdownSteps.java:275)
	at org.vividus.bdd.steps.ui.web.DropdownSteps.selectItemInDDL(DropdownSteps.java:220)
3) java.lang.AssertionError: An element with attributes XPath: '//textarea[normalize-space(@id)='1601983798671-create-team-org-description']'; Visibility: VISIBLE; [Expected: exists Actual: does not exist]
	at org.vividus.bdd.steps.ui.web.validation.DescriptiveSoftAssert.recordAssertion(DescriptiveSoftAssert.java:69)
	at org.vividus.bdd.steps.ui.web.validation.DescriptiveSoftAssert.assertThat(DescriptiveSoftAssert.java:39)
	at org.vividus.bdd.steps.ui.web.validation.HighlightingSoftAssert.assertThat(HighlightingSoftAssert.java:52)
	at org.vividus.bdd.steps.ui.web.validation.BaseValidations.assertIfElementExists(BaseValidations.java:89)
	at org.vividus.bdd.steps.ui.web.validation.BaseValidations.assertIfElementExists(BaseValidations.java:138)
	at org.vividus.bdd.steps.ui.web.validation.BaseValidations.assertIfElementExists(BaseValidations.java:129)
	at org.vividus.ui.web.action.WebElementActions.findElement(WebElementActions.java:169)
	at org.vividus.ui.web.action.WebElementActions.typeText(WebElementActions.java:80)
	at org.vividus.bdd.steps.ui.web.FieldSteps.enterTextInField(FieldSteps.java:123)

	at org.vividus.softassert.SoftAssert.verify(SoftAssert.java:283) ~[vividus-soft-assert-0.2.7.jar:0.2.7]
	at org.vividus.bdd.steps.AssertSteps.verifyIfAssertionsPassed(AssertSteps.java:46) ~[vividus-0.2.7.jar:0.2.7]
	at jdk.internal.reflect.NativeMethodAccessorImpl.invoke0(Native Method) ~[?:?]
	at jdk.internal.reflect.NativeMethodAccessorImpl.invoke(NativeMethodAccessorImpl.java:62) ~[?:?]
	at jdk.internal.reflect.DelegatingMethodAccessorImpl.invoke(DelegatingMethodAccessorImpl.java:43) ~[?:?]
	at java.lang.reflect.Method.invoke(Method.java:564) ~[?:?]
	at org.jbehave.core.steps.StepCreator$MethodInvoker.invoke(StepCreator.java:1008) ~[jbehave-core-4.6.4-alpha.11.jar:?]
	at org.jbehave.core.steps.StepCreator$BeforeOrAfterStep.perform(StepCreator.java:715) ~[jbehave-core-4.6.4-alpha.11.jar:?]
	... 17 more
2020-10-06 18:05:35,275 [batch-1-thread-1] INFO  org.vividus.ui.web.action.search.AbstractElementSearchAction - Total number of elements found By.xpath: //h2[text()[normalize-space()='Most popular templates']] is equal to 0
